<?xml version="1.0" encoding="UTF-8"?>
<!-- Generated by org.testng.reporters.JUnitReportReporter -->
<testsuite hostname="DEEPBHOLE" failures="0" tests="2" name="qaclickacademy.AppiumTest" time="0.007" errors="0" timestamp="27 Apr 2021 13:05:59 GMT" skipped="0">
  <testcase classname="qaclickacademy.AppiumTest" name="NativeAPpAndroid" time="0.000"/>
  <testcase classname="qaclickacademy.AppiumTest" name="IOSApps" time="0.007"/>
</testsuite> <!-- qaclickacademy.AppiumTest -->
