<?xml version="1.0" encoding="UTF-8"?>
<!-- Generated by org.testng.reporters.JUnitReportReporter -->
<testsuite hostname="DEEPBHOLE" failures="0" tests="2" name="qaclickacademy.RESTAPITest" time="0.004" errors="0" timestamp="27 Apr 2021 13:05:59 GMT" skipped="0">
  <testcase classname="qaclickacademy.RESTAPITest" name="postJira" time="0.001"/>
  <testcase classname="qaclickacademy.RESTAPITest" name="deleteTwitter" time="0.003"/>
</testsuite> <!-- qaclickacademy.RESTAPITest -->
